<?xml version="1.0" encoding="UTF-8"?>
<!-- Generated by org.testng.reporters.JUnitReportReporter -->
<testsuite hostname="DESKTOP-JMPP5H9" failures="0" tests="3" name="com.testng.Day4" time="0.002" errors="0" timestamp="2022-12-16T18:43:24 IST" skipped="0">
  <testcase classname="com.testng.Day4" name="webLoginHomeLoan" time="0.001"/>
  <system-out/>
  <testcase classname="com.testng.Day4" name="apiLoginHomeLoan" time="0.001"/>
  <system-out/>
  <testcase classname="com.testng.Day4" name="mobilLoginHomeLoan" time="0.000"/>
  <system-out/>
</testsuite> <!-- com.testng.Day4 -->
