<?xml version="1.0" encoding="UTF-8"?>
<!-- Generated by org.testng.reporters.JUnitReportReporter -->
<testsuite hostname="DESKTOP-JMPP5H9" failures="0" tests="4" name="com.testng.Day1" time="0.012" errors="0" timestamp="2022-12-16T19:47:14 IST" skipped="0">
  <testcase classname="com.testng.Day1" name="demo" time="0.002"/>
  <system-out/>
  <testcase classname="com.testng.Day1" name="demo" time="0.007"/>
  <system-out/>
  <testcase classname="com.testng.Day1" name="demo" time="0.002"/>
  <system-out/>
  <testcase classname="com.testng.Day1" name="secondTest" time="0.001"/>
  <system-out/>
</testsuite> <!-- com.testng.Day1 -->
