<?xml version="1.0" encoding="UTF-8"?>
<!-- Generated by org.testng.reporters.JUnitReportReporter -->
<testsuite hostname="DESKTOP-JMPP5H9" failures="0" tests="1" name="com.testng.Day3" time="0.001" errors="0" timestamp="2022-12-16T19:02:14 IST" skipped="0">
  <testcase classname="com.testng.Day3" name="webLoginCarLoan" time="0.001"/>
  <system-out/>
</testsuite> <!-- com.testng.Day3 -->
